Arguments: 
  /usr/local/bin/node /usr/local/Cellar/yarn/1.3.2/libexec/bin/yarn.js add glob -D

PATH: 
  /Users/ding/h/ecs/mongodb/mongodb/bin:/usr/local/bin:/usr/bin:/bin:/usr/sbin:/sbin:/usr/local/bin

Yarn version: 
  1.3.2

Node version: 
  8.9.4

Platform: 
  darwin x64

npm manifest: 
  {
    "name": "wx",
    "version": "1.0.0",
    "description": "Nuxt.js project",
    "author": "dingchaofa <571797089@qq.com>",
    "private": true,
    "scripts": {
      "dev": "nodemon -w ./server -w ./start.js --exec node ./start.js",
      "build": "nuxt build && backpack build",
      "start": "cross-env NODE_ENV=production node build/main.js",
      "precommit": "npm run lint",
      "lint": "eslint --ext .js,.vue --ignore-path .gitignore ."
    },
    "presets": [
      "env"
    ],
    "dependencies": {
      "axios": "^0.17.1",
      "cross-env": "^5.0.1",
      "koa": "^2.4.1",
      "nuxt": "^1.0.0-rc11",
      "request": "^2.83.0",
      "source-map-support": "^0.4.15"
    },
    "devDependencies": {
      "babel-cli": "^6.26.0",
      "babel-eslint": "^7.1.1",
      "babel-plugin-component": "^1.1.0",
      "babel-plugin-module-alias": "^1.6.0",
      "babel-plugin-transform-decorators-legacy": "^1.3.4",
      "babel-polyfill": "^6.26.0",
      "babel-preset-env": "^1.6.1",
      "babel-preset-latest-node": "^0.2.2",
      "babel-preset-stage-3": "^6.24.1",
      "backpack-core": "^0.3.0",
      "cheerio": "^1.0.0-rc.2",
      "css-loader": "^0.28.9",
      "ejs": "^2.5.7",
      "eslint": "^3.13.1",
      "eslint-config-standard": "^10.2.1",
      "eslint-plugin-html": "^2.0.3",
      "eslint-plugin-import": "^2.2.0",
      "eslint-plugin-node": "^4.2.2",
      "eslint-plugin-promise": "^3.4.0",
      "eslint-plugin-standard": "^3.0.1",
      "gbk": "^0.1.0",
      "iconv-lite": "^0.4.19",
      "karma-phantomjs-launcher": "1.0.2",
      "koa": "^2.4.1",
      "koa-router": "^7.3.0",
      "lodash": "^4.17.4",
      "mongoose": "^4.13.9",
      "node-sass": "^4.7.2",
      "nodemon": "^1.11.0",
      "phantomjs": "2.1.7",
      "pug": "^2.0.0-rc.4",
      "ramda": "^0.25.0",
      "request-promise": "^4.2.2",
      "sass-loader": "^6.0.6",
      "scmp": "^2.0.0",
      "sha1": "^1.1.1",
      "style-loader": "^0.20.1",
      "stylus": "^0.54.5",
      "stylus-loader": "^3.0.1",
      "vue-loader": "^14.1.1",
      "vue-style-loader": "^3.1.2",
      "xml2js": "^0.4.19"
    },
    "repository": "git@github.com:dingchaofa/wx.git",
    "license": "MIT"
  }

yarn manifest: 
  No manifest

Lockfile: 
  No lockfile

Trace: 
  Error: https://registry.npmjs.org/axios: ETIMEDOUT
      at Timeout._onTimeout (/usr/local/Cellar/yarn/1.3.2/libexec/lib/cli.js:123749:19)
      at ontimeout (timers.js:475:11)
      at tryOnTimeout (timers.js:310:5)
      at Timer.listOnTimeout (timers.js:270:5)
